<?xml version="1.0" encoding="UTF-8"?>
<robot generator="Robot 3.2.1 (Python 3.8.3 on win32)" generated="20200523 12:40:49.436" rpa="false">
<suite id="s1" name="FirstRobotProjet" source="C:\Users\Camilo\eclipse-workspacerobot\FirstRobotProjet">
<suite id="s1-s1" name="Test" source="C:\Users\Camilo\eclipse-workspacerobot\FirstRobotProjet\test">
<suite id="s1-s1-s1" name="TestSuite4" source="C:\Users\Camilo\eclipse-workspacerobot\FirstRobotProjet\test\TestSuite4.robot">
<kw name="Log" library="BuiltIn" type="setup">
<doc>Logs the given message with the given level.</doc>
<arguments>
<arg>je suis a l'interior de TestSuite Setup</arg>
</arguments>
<msg timestamp="20200523 12:40:50.408" level="INFO">je suis a l'interior de TestSuite Setup</msg>
<status status="PASS" starttime="20200523 12:40:50.407" endtime="20200523 12:40:50.409"></status>
</kw>
<test id="s1-s1-s1-t1" name="MyFirstTest">
<kw name="Log" library="BuiltIn" type="setup">
<doc>Logs the given message with the given level.</doc>
<arguments>
<arg>je suis a l'interior de Test Setup</arg>
</arguments>
<msg timestamp="20200523 12:40:50.416" level="INFO">je suis a l'interior de Test Setup</msg>
<status status="PASS" starttime="20200523 12:40:50.413" endtime="20200523 12:40:50.419"></status>
</kw>
<kw name="Log" library="BuiltIn">
<doc>Logs the given message with the given level.</doc>
<arguments>
<arg>Hello World...</arg>
</arguments>
<msg timestamp="20200523 12:40:50.422" level="INFO">Hello World...</msg>
<status status="PASS" starttime="20200523 12:40:50.420" endtime="20200523 12:40:50.426"></status>
</kw>
<kw name="Log" library="BuiltIn" type="teardown">
<doc>Logs the given message with the given level.</doc>
<arguments>
<arg>je suis a l'interior de Test Teardown</arg>
</arguments>
<msg timestamp="20200523 12:40:50.428" level="INFO">je suis a l'interior de Test Teardown</msg>
<status status="PASS" starttime="20200523 12:40:50.427" endtime="20200523 12:40:50.428"></status>
</kw>
<tags>
<tag>smoke</tag>
</tags>
<status status="PASS" starttime="20200523 12:40:50.410" endtime="20200523 12:40:50.428" critical="yes"></status>
</test>
<test id="s1-s1-s1-t2" name="MySecondtTest">
<kw name="Log" library="BuiltIn" type="setup">
<doc>Logs the given message with the given level.</doc>
<arguments>
<arg>je suis a l'interior de Test Setup</arg>
</arguments>
<msg timestamp="20200523 12:40:50.435" level="INFO">je suis a l'interior de Test Setup</msg>
<status status="PASS" starttime="20200523 12:40:50.432" endtime="20200523 12:40:50.436"></status>
</kw>
<kw name="Log" library="BuiltIn">
<doc>Logs the given message with the given level.</doc>
<arguments>
<arg>inside second test</arg>
</arguments>
<msg timestamp="20200523 12:40:50.437" level="INFO">inside second test</msg>
<status status="PASS" starttime="20200523 12:40:50.436" endtime="20200523 12:40:50.437"></status>
</kw>
<kw name="Set Tags" library="BuiltIn">
<doc>Adds given ``tags`` for the current test or all tests in a suite.</doc>
<arguments>
<arg>regresion1</arg>
</arguments>
<msg timestamp="20200523 12:40:50.438" level="INFO">Set tag 'regresion1'.</msg>
<status status="PASS" starttime="20200523 12:40:50.438" endtime="20200523 12:40:50.439"></status>
</kw>
<kw name="Log" library="BuiltIn" type="teardown">
<doc>Logs the given message with the given level.</doc>
<arguments>
<arg>je suis a l'interior de Test Teardown</arg>
</arguments>
<msg timestamp="20200523 12:40:50.440" level="INFO">je suis a l'interior de Test Teardown</msg>
<status status="PASS" starttime="20200523 12:40:50.439" endtime="20200523 12:40:50.440"></status>
</kw>
<tags>
<tag>regresion1</tag>
<tag>sanity</tag>
</tags>
<status status="PASS" starttime="20200523 12:40:50.430" endtime="20200523 12:40:50.440" critical="yes"></status>
</test>
<test id="s1-s1-s1-t3" name="MyThrirdTest">
<kw name="Log" library="BuiltIn" type="setup">
<doc>Logs the given message with the given level.</doc>
<arguments>
<arg>je suis a l'interior de Test Setup</arg>
</arguments>
<msg timestamp="20200523 12:40:50.443" level="INFO">je suis a l'interior de Test Setup</msg>
<status status="PASS" starttime="20200523 12:40:50.443" endtime="20200523 12:40:50.443"></status>
</kw>
<kw name="Log" library="BuiltIn">
<doc>Logs the given message with the given level.</doc>
<arguments>
<arg>inside third test</arg>
</arguments>
<msg timestamp="20200523 12:40:50.445" level="INFO">inside third test</msg>
<status status="PASS" starttime="20200523 12:40:50.444" endtime="20200523 12:40:50.445"></status>
</kw>
<kw name="Set Tags" library="BuiltIn">
<doc>Adds given ``tags`` for the current test or all tests in a suite.</doc>
<arguments>
<arg>regresion1</arg>
</arguments>
<msg timestamp="20200523 12:40:50.446" level="INFO">Set tag 'regresion1'.</msg>
<status status="PASS" starttime="20200523 12:40:50.445" endtime="20200523 12:40:50.446"></status>
</kw>
<kw name="Remove Tags" library="BuiltIn">
<doc>Removes given ``tags`` from the current test or all tests in a suite.</doc>
<arguments>
<arg>regression1</arg>
</arguments>
<msg timestamp="20200523 12:40:50.449" level="INFO">Removed tag 'regression1'.</msg>
<status status="PASS" starttime="20200523 12:40:50.447" endtime="20200523 12:40:50.450"></status>
</kw>
<kw name="Log" library="BuiltIn" type="teardown">
<doc>Logs the given message with the given level.</doc>
<arguments>
<arg>je suis a l'interior de Test Teardown</arg>
</arguments>
<msg timestamp="20200523 12:40:50.451" level="INFO">je suis a l'interior de Test Teardown</msg>
<status status="PASS" starttime="20200523 12:40:50.450" endtime="20200523 12:40:50.451"></status>
</kw>
<tags>
<tag>regresion1</tag>
<tag>sanity</tag>
</tags>
<status status="PASS" starttime="20200523 12:40:50.441" endtime="20200523 12:40:50.451" critical="yes"></status>
</test>
<test id="s1-s1-s1-t4" name="MyFourthTest">
<kw name="Log" library="BuiltIn" type="setup">
<doc>Logs the given message with the given level.</doc>
<arguments>
<arg>je suis a l'interior de Test Setup</arg>
</arguments>
<msg timestamp="20200523 12:40:50.455" level="INFO">je suis a l'interior de Test Setup</msg>
<status status="PASS" starttime="20200523 12:40:50.454" endtime="20200523 12:40:50.455"></status>
</kw>
<kw name="Log" library="BuiltIn">
<doc>Logs the given message with the given level.</doc>
<arguments>
<arg>inside fourth test</arg>
</arguments>
<msg timestamp="20200523 12:40:50.456" level="INFO">inside fourth test</msg>
<status status="PASS" starttime="20200523 12:40:50.455" endtime="20200523 12:40:50.456"></status>
</kw>
<kw name="Log" library="BuiltIn" type="teardown">
<doc>Logs the given message with the given level.</doc>
<arguments>
<arg>je suis a l'interior de Test Teardown</arg>
</arguments>
<msg timestamp="20200523 12:40:50.458" level="INFO">je suis a l'interior de Test Teardown</msg>
<status status="PASS" starttime="20200523 12:40:50.457" endtime="20200523 12:40:50.458"></status>
</kw>
<tags>
<tag>sanity</tag>
</tags>
<status status="PASS" starttime="20200523 12:40:50.453" endtime="20200523 12:40:50.459" critical="yes"></status>
</test>
<kw name="Log" library="BuiltIn" type="teardown">
<doc>Logs the given message with the given level.</doc>
<arguments>
<arg>je suis a l'interior de TestSuite Teardown</arg>
</arguments>
<msg timestamp="20200523 12:40:50.463" level="INFO">je suis a l'interior de TestSuite Teardown</msg>
<status status="PASS" starttime="20200523 12:40:50.462" endtime="20200523 12:40:50.463"></status>
</kw>
<status status="PASS" starttime="20200523 12:40:49.671" endtime="20200523 12:40:50.464"></status>
</suite>
<status status="PASS" starttime="20200523 12:40:49.651" endtime="20200523 12:40:50.471"></status>
</suite>
<status status="PASS" starttime="20200523 12:40:49.560" endtime="20200523 12:40:50.474"></status>
</suite>
<statistics>
<total>
<stat pass="4" fail="0">Critical Tests</stat>
<stat pass="4" fail="0">All Tests</stat>
</total>
<tag>
<stat pass="2" fail="0">regresion1</stat>
<stat pass="3" fail="0">sanity</stat>
<stat pass="1" fail="0">smoke</stat>
</tag>
<suite>
<stat pass="4" fail="0" id="s1" name="FirstRobotProjet">FirstRobotProjet</stat>
<stat pass="4" fail="0" id="s1-s1" name="Test">FirstRobotProjet.Test</stat>
<stat pass="4" fail="0" id="s1-s1-s1" name="TestSuite4">FirstRobotProjet.Test.TestSuite4</stat>
</suite>
</statistics>
<errors>
</errors>
</robot>
